<?xml version="1.0" encoding="UTF-8"?>
<!-- Generated by org.testng.reporters.JUnitReportReporter -->
<testsuite hostname="DESKTOP-URE915C" failures="0" tests="1" name="tests.WriterPageTest" time="0.000" errors="0" timestamp="2023-08-04T21:46:44 BDT" skipped="1">
  <testcase classname="tests.WriterPageTest" name="Test" time="0.000">
    <skipped/>
  </testcase> <!-- Test -->
</testsuite> <!-- tests.WriterPageTest -->
